31/10/2022 12:03:41 AM: INFO: WDM: ====== WebDriver manager ======
31/10/2022 12:03:42 AM: INFO: WDM: Get LATEST geckodriver version for 102.4 firefox
31/10/2022 12:03:43 AM: INFO: WDM: Getting latest mozilla release info for v0.32.0
31/10/2022 12:03:44 AM: INFO: WDM: About to download new driver from https://github.com/mozilla/geckodriver/releases/download/v0.32.0/geckodriver-v0.32.0-win64.zip
31/10/2022 12:03:46 AM: INFO: WDM: Driver has been saved in cache [C:\Users\hkarthis\.wdm\drivers\geckodriver\win64\0.32]
31/10/2022 12:03:57 AM: INFO: root: ***Web page open***
31/10/2022 12:10:48 AM: INFO: WDM: ====== WebDriver manager ======
31/10/2022 12:10:49 AM: INFO: WDM: Get LATEST geckodriver version for 102.4 firefox
31/10/2022 12:10:51 AM: INFO: WDM: Driver [C:\Users\hkarthis\.wdm\drivers\geckodriver\win64\0.32\geckodriver.exe] found in cache
31/10/2022 12:11:02 AM: INFO: root: ***Web page open***
31/10/2022 12:11:10 AM: INFO: root: ***Login success***
31/10/2022 12:13:56 AM: INFO: WDM: ====== WebDriver manager ======
31/10/2022 12:13:57 AM: INFO: WDM: Get LATEST geckodriver version for 102.4 firefox
31/10/2022 12:13:59 AM: INFO: WDM: Driver [C:\Users\hkarthis\.wdm\drivers\geckodriver\win64\0.32\geckodriver.exe] found in cache
31/10/2022 12:14:09 AM: INFO: root: ***Web page open***
31/10/2022 12:43:50 AM: INFO: WDM: ====== WebDriver manager ======
31/10/2022 12:43:51 AM: INFO: WDM: Get LATEST geckodriver version for 102.4 firefox
31/10/2022 12:43:53 AM: INFO: WDM: Driver [C:\Users\hkarthis\.wdm\drivers\geckodriver\win64\0.32\geckodriver.exe] found in cache
31/10/2022 12:44:03 AM: INFO: root: ***Web page open***
31/10/2022 12:44:35 AM: INFO: WDM: ====== WebDriver manager ======
31/10/2022 12:44:36 AM: INFO: WDM: Get LATEST geckodriver version for 102.4 firefox
31/10/2022 12:44:37 AM: INFO: WDM: Driver [C:\Users\hkarthis\.wdm\drivers\geckodriver\win64\0.32\geckodriver.exe] found in cache
31/10/2022 12:44:47 AM: INFO: root: ***Web page open***
31/10/2022 12:44:55 AM: INFO: root: ***login success***
31/10/2022 12:47:17 AM: INFO: WDM: ====== WebDriver manager ======
31/10/2022 12:47:18 AM: INFO: WDM: Get LATEST geckodriver version for 102.4 firefox
31/10/2022 12:47:20 AM: INFO: WDM: Driver [C:\Users\hkarthis\.wdm\drivers\geckodriver\win64\0.32\geckodriver.exe] found in cache
31/10/2022 12:47:29 AM: INFO: root: ***Web page open***
31/10/2022 12:47:37 AM: INFO: root: ***login success***
31/10/2022 12:48:51 AM: INFO: WDM: ====== WebDriver manager ======
31/10/2022 12:48:52 AM: INFO: WDM: Get LATEST geckodriver version for 102.4 firefox
31/10/2022 12:48:54 AM: INFO: WDM: Driver [C:\Users\hkarthis\.wdm\drivers\geckodriver\win64\0.32\geckodriver.exe] found in cache
31/10/2022 12:49:04 AM: INFO: root: ***Web page open***
31/10/2022 12:49:12 AM: INFO: root: ***login success***
31/10/2022 12:52:12 AM: INFO: WDM: ====== WebDriver manager ======
31/10/2022 12:52:13 AM: INFO: WDM: Get LATEST geckodriver version for 102.4 firefox
31/10/2022 12:52:14 AM: INFO: WDM: Driver [C:\Users\hkarthis\.wdm\drivers\geckodriver\win64\0.32\geckodriver.exe] found in cache
31/10/2022 12:52:24 AM: INFO: root: ***Web page open***
31/10/2022 12:52:32 AM: INFO: root: ***login success***
31/10/2022 12:53:28 AM: INFO: WDM: ====== WebDriver manager ======
31/10/2022 12:53:29 AM: INFO: WDM: Get LATEST geckodriver version for 102.4 firefox
31/10/2022 12:53:31 AM: INFO: WDM: Driver [C:\Users\hkarthis\.wdm\drivers\geckodriver\win64\0.32\geckodriver.exe] found in cache
31/10/2022 12:53:40 AM: INFO: root: ***Web page open***
31/10/2022 12:53:48 AM: INFO: root: ***login success***
31/10/2022 12:54:42 AM: INFO: root: ***job details added***
31/10/2022 12:54:56 AM: INFO: WDM: ====== WebDriver manager ======
31/10/2022 12:54:57 AM: INFO: WDM: Get LATEST geckodriver version for 102.4 firefox
31/10/2022 12:54:59 AM: INFO: WDM: Driver [C:\Users\hkarthis\.wdm\drivers\geckodriver\win64\0.32\geckodriver.exe] found in cache
31/10/2022 12:55:08 AM: INFO: root: ***Web page open***
31/10/2022 01:08:52 AM: INFO: WDM: ====== WebDriver manager ======
31/10/2022 01:08:55 AM: INFO: WDM: Get LATEST geckodriver version for 102.4 firefox
31/10/2022 01:08:58 AM: INFO: WDM: Driver [C:\Users\hkarthis\.wdm\drivers\geckodriver\win64\0.32\geckodriver.exe] found in cache
31/10/2022 01:09:11 AM: INFO: root: ***Web page open***
31/10/2022 06:03:34 PM: INFO: WDM: ====== WebDriver manager ======
31/10/2022 06:03:36 PM: INFO: WDM: Get LATEST geckodriver version for 102.4 firefox
31/10/2022 06:03:40 PM: INFO: WDM: Driver [C:\Users\hkarthis\.wdm\drivers\geckodriver\win64\0.32\geckodriver.exe] found in cache
31/10/2022 06:03:54 PM: INFO: root: ***Web page open***
31/10/2022 06:04:03 PM: INFO: root: ***Login success***
31/10/2022 06:04:05 PM: INFO: WDM: ====== WebDriver manager ======
31/10/2022 06:04:08 PM: INFO: WDM: Get LATEST geckodriver version for 102.4 firefox
31/10/2022 06:04:11 PM: INFO: WDM: Driver [C:\Users\hkarthis\.wdm\drivers\geckodriver\win64\0.32\geckodriver.exe] found in cache
31/10/2022 06:04:36 PM: INFO: root: ***Web page open***
31/10/2022 06:04:47 PM: INFO: WDM: ====== WebDriver manager ======
31/10/2022 06:04:49 PM: INFO: WDM: Get LATEST geckodriver version for 102.4 firefox
31/10/2022 06:04:55 PM: INFO: WDM: Driver [C:\Users\hkarthis\.wdm\drivers\geckodriver\win64\0.32\geckodriver.exe] found in cache
31/10/2022 06:05:29 PM: INFO: root: ***Web page open***
31/10/2022 06:05:41 PM: INFO: root: ***login success***
31/10/2022 06:05:41 PM: INFO: WDM: ====== WebDriver manager ======
31/10/2022 06:05:46 PM: INFO: WDM: Get LATEST geckodriver version for 102.4 firefox
31/10/2022 06:05:52 PM: INFO: WDM: Driver [C:\Users\hkarthis\.wdm\drivers\geckodriver\win64\0.32\geckodriver.exe] found in cache
31/10/2022 06:09:54 PM: INFO: root: ***Web page open***
31/10/2022 06:09:57 PM: INFO: WDM: ====== WebDriver manager ======
31/10/2022 06:10:00 PM: INFO: WDM: Get LATEST geckodriver version for 102.4 firefox
31/10/2022 06:10:02 PM: INFO: WDM: Driver [C:\Users\hkarthis\.wdm\drivers\geckodriver\win64\0.32\geckodriver.exe] found in cache
31/10/2022 06:10:18 PM: INFO: root: ***Web page open***
31/10/2022 06:11:40 PM: INFO: WDM: ====== WebDriver manager ======
31/10/2022 06:11:42 PM: INFO: WDM: Get LATEST geckodriver version for 102.4 firefox
31/10/2022 06:11:45 PM: INFO: WDM: Driver [C:\Users\hkarthis\.wdm\drivers\geckodriver\win64\0.32\geckodriver.exe] found in cache
31/10/2022 06:11:57 PM: INFO: root: ***Web page open***
31/10/2022 06:12:06 PM: INFO: root: ***login success***
31/10/2022 06:13:02 PM: INFO: root: ***job details added***
31/10/2022 06:13:24 PM: INFO: WDM: ====== WebDriver manager ======
31/10/2022 06:13:26 PM: INFO: WDM: Get LATEST geckodriver version for 102.4 firefox
31/10/2022 06:13:29 PM: INFO: WDM: Driver [C:\Users\hkarthis\.wdm\drivers\geckodriver\win64\0.32\geckodriver.exe] found in cache
31/10/2022 06:13:41 PM: INFO: root: ***Web page open***
31/10/2022 06:14:30 PM: INFO: WDM: ====== WebDriver manager ======
31/10/2022 06:14:31 PM: INFO: WDM: Get LATEST geckodriver version for 102.4 firefox
31/10/2022 06:14:35 PM: INFO: WDM: Driver [C:\Users\hkarthis\.wdm\drivers\geckodriver\win64\0.32\geckodriver.exe] found in cache
31/10/2022 06:14:49 PM: INFO: root: ***Web page open***
